# JRE version: OpenJDK Runtime Environment (11.0.10) (build 11.0.10+0-b96-7249189)
# Java VM: OpenJDK 64-Bit Server VM (11.0.10+0-b96-7249189, mixed mode, tiered, compressed oops, g1 gc, windows-amd64)
Heap:
 garbage-first heap   total 288768K, used 198016K [0x00000000a0000000, 0x0000000100000000)
  region size 1024K, 4 young (4096K), 4 survivors (4096K)
 Metaspace       used 88083K, capacity 94148K, committed 94208K, reserved 1138688K
  class space    used 11623K, capacity 13512K, committed 13568K, reserved 1048576K
GC Heap History (20 events):
Event: 254.521 GC heap before
{Heap before GC invocations=102 (full 0):
 garbage-first heap   total 178176K, used 176638K [0x00000000a0000000, 0x0000000100000000)
  region size 1024K, 8 young (8192K), 1 survivors (1024K)
 Metaspace       used 84345K, capacity 90166K, committed 90240K, reserved 1126400K
  class space    used 11094K, capacity 12862K, committed 12928K, reserved 1048576K
}
Event: 254.530 GC heap after
{Heap after GC invocations=103 (full 0):
 garbage-first heap   total 217088K, used 171634K [0x00000000a0000000, 0x0000000100000000)
  region size 1024K, 1 young (1024K), 1 survivors (1024K)
 Metaspace       used 84345K, capacity 90166K, committed 90240K, reserved 1126400K
  class space    used 11094K, capacity 12862K, committed 12928K, reserved 1048576K
}
Event: 254.676 GC heap before
{Heap before GC invocations=103 (full 0):
 garbage-first heap   total 217088K, used 180850K [0x00000000a0000000, 0x0000000100000000)
  region size 1024K, 11 young (11264K), 1 survivors (1024K)
 Metaspace       used 84402K, capacity 90195K, committed 90496K, reserved 1126400K
  class space    used 11096K, capacity 12866K, committed 12928K, reserved 1048576K
}
Event: 254.685 GC heap after
{Heap after GC invocations=104 (full 0):
 garbage-first heap   total 217088K, used 175040K [0x00000000a0000000, 0x0000000100000000)
  region size 1024K, 2 young (2048K), 2 survivors (2048K)
 Metaspace       used 84402K, capacity 90195K, committed 90496K, reserved 1126400K
  class space    used 11096K, capacity 12866K, committed 12928K, reserved 1048576K
}
Event: 254.871 GC heap before
{Heap before GC invocations=104 (full 0):
 garbage-first heap   total 217088K, used 183232K [0x00000000a0000000, 0x0000000100000000)
  region size 1024K, 11 young (11264K), 2 survivors (2048K)
 Metaspace       used 84549K, capacity 90344K, committed 90496K, reserved 1126400K
  class space    used 11122K, capacity 12913K, committed 12928K, reserved 1048576K
}
Event: 254.880 GC heap after
{Heap after GC invocations=105 (full 0):
 garbage-first heap   total 217088K, used 177608K [0x00000000a0000000, 0x0000000100000000)
  region size 1024K, 2 young (2048K), 2 survivors (2048K)
 Metaspace       used 84549K, capacity 90344K, committed 90496K, reserved 1126400K
  class space    used 11122K, capacity 12913K, committed 12928K, reserved 1048576K
}
Event: 254.950 GC heap before
{Heap before GC invocations=105 (full 0):
 garbage-first heap   total 217088K, used 185800K [0x00000000a0000000, 0x0000000100000000)
  region size 1024K, 10 young (10240K), 2 survivors (2048K)
 Metaspace       used 84553K, capacity 90344K, committed 90496K, reserved 1126400K
  class space    used 11122K, capacity 12913K, committed 12928K, reserved 1048576K
}
Event: 254.958 GC heap after
{Heap after GC invocations=106 (full 0):
 garbage-first heap   total 217088K, used 180752K [0x00000000a0000000, 0x0000000100000000)
  region size 1024K, 2 young (2048K), 2 survivors (2048K)
 Metaspace       used 84553K, capacity 90344K, committed 90496K, reserved 1126400K
  class space    used 11122K, capacity 12913K, committed 12928K, reserved 1048576K
}
Event: 255.073 GC heap before
{Heap before GC invocations=106 (full 0):
 garbage-first heap   total 217088K, used 188944K [0x00000000a0000000, 0x0000000100000000)
  region size 1024K, 10 young (10240K), 2 survivors (2048K)
 Metaspace       used 84626K, capacity 90398K, committed 90624K, reserved 1126400K
  class space    used 11132K, capacity 12930K, committed 13056K, reserved 1048576K
}
Event: 255.084 GC heap after
{Heap after GC invocations=107 (full 0):
 garbage-first heap   total 288768K, used 183990K [0x00000000a0000000, 0x0000000100000000)
  region size 1024K, 2 young (2048K), 2 survivors (2048K)
 Metaspace       used 84626K, capacity 90398K, committed 90624K, reserved 1126400K
  class space    used 11132K, capacity 12930K, committed 13056K, reserved 1048576K
}
Event: 255.577 GC heap before
{Heap before GC invocations=107 (full 0):
 garbage-first heap   total 288768K, used 210614K [0x00000000a0000000, 0x0000000100000000)
  region size 1024K, 28 young (28672K), 2 survivors (2048K)
 Metaspace       used 85397K, capacity 91334K, committed 91520K, reserved 1128448K
  class space    used 11254K, capacity 13101K, committed 13184K, reserved 1048576K
}
Event: 255.587 GC heap after
{Heap after GC invocations=108 (full 0):
 garbage-first heap   total 288768K, used 187756K [0x00000000a0000000, 0x0000000100000000)
  region size 1024K, 4 young (4096K), 4 survivors (4096K)
 Metaspace       used 85397K, capacity 91334K, committed 91520K, reserved 1128448K
  class space    used 11254K, capacity 13101K, committed 13184K, reserved 1048576K
}
Event: 258.088 GC heap before
{Heap before GC invocations=108 (full 0):
 garbage-first heap   total 288768K, used 214380K [0x00000000a0000000, 0x0000000100000000)
  region size 1024K, 31 young (31744K), 4 survivors (4096K)
 Metaspace       used 87310K, capacity 93426K, committed 93568K, reserved 1130496K
  class space    used 11561K, capacity 13433K, committed 13440K, reserved 1048576K
}
Event: 258.104 GC heap after
{Heap after GC invocations=109 (full 0):
 garbage-first heap   total 288768K, used 192120K [0x00000000a0000000, 0x0000000100000000)
  region size 1024K, 4 young (4096K), 4 survivors (4096K)
 Metaspace       used 87310K, capacity 93426K, committed 93568K, reserved 1130496K
  class space    used 11561K, capacity 13433K, committed 13440K, reserved 1048576K
}
Event: 262.109 GC heap before
{Heap before GC invocations=109 (full 0):
 garbage-first heap   total 288768K, used 218744K [0x00000000a0000000, 0x0000000100000000)
  region size 1024K, 31 young (31744K), 4 survivors (4096K)
 Metaspace       used 87514K, capacity 93560K, committed 93696K, reserved 1130496K
  class space    used 11573K, capacity 13475K, committed 13568K, reserved 1048576K
}
Event: 262.117 GC heap after
{Heap after GC invocations=110 (full 0):
 garbage-first heap   total 288768K, used 194262K [0x00000000a0000000, 0x0000000100000000)
  region size 1024K, 3 young (3072K), 3 survivors (3072K)
 Metaspace       used 87514K, capacity 93560K, committed 93696K, reserved 1130496K
  class space    used 11573K, capacity 13475K, committed 13568K, reserved 1048576K
}
Event: 267.737 GC heap before
{Heap before GC invocations=110 (full 0):
 garbage-first heap   total 288768K, used 222934K [0x00000000a0000000, 0x0000000100000000)
  region size 1024K, 32 young (32768K), 3 survivors (3072K)
 Metaspace       used 87712K, capacity 93838K, committed 93952K, reserved 1130496K
  class space    used 11576K, capacity 13477K, committed 13568K, reserved 1048576K
}
Event: 267.743 GC heap after
{Heap after GC invocations=111 (full 0):
 garbage-first heap   total 288768K, used 196405K [0x00000000a0000000, 0x0000000100000000)
  region size 1024K, 3 young (3072K), 3 survivors (3072K)
 Metaspace       used 87712K, capacity 93838K, committed 93952K, reserved 1130496K
  class space    used 11576K, capacity 13477K, committed 13568K, reserved 1048576K
}
Event: 294.683 GC heap before
{Heap before GC invocations=111 (full 0):
 garbage-first heap   total 288768K, used 224053K [0x00000000a0000000, 0x0000000100000000)
  region size 1024K, 32 young (32768K), 3 survivors (3072K)
 Metaspace       used 88083K, capacity 94148K, committed 94208K, reserved 1136640K
  class space    used 11623K, capacity 13512K, committed 13568K, reserved 1048576K
}
Event: 294.736 GC heap after
{Heap after GC invocations=112 (full 0):
 garbage-first heap   total 288768K, used 198016K [0x00000000a0000000, 0x0000000100000000)
  region size 1024K, 4 young (4096K), 4 survivors (4096K)
 Metaspace       used 88083K, capacity 94148K, committed 94208K, reserved 1136640K
  class space    used 11623K, capacity 13512K, committed 13568K, reserved 1048576K
}

