# JRE version: OpenJDK Runtime Environment (11.0.10) (build 11.0.10+0-b96-7249189)
# Java VM: OpenJDK 64-Bit Server VM (11.0.10+0-b96-7249189, mixed mode, tiered, compressed oops, g1 gc, windows-amd64)
Heap:
 garbage-first heap   total 475136K, used 247071K [0x00000000a0000000, 0x0000000100000000)
  region size 1024K, 52 young (53248K), 9 survivors (9216K)
 Metaspace       used 93128K, capacity 98492K, committed 98680K, reserved 1134592K
  class space    used 12158K, capacity 13939K, committed 13952K, reserved 1048576K
GC Heap History (20 events):
Event: 165.523 GC heap before
{Heap before GC invocations=74 (full 0):
 garbage-first heap   total 308224K, used 214258K [0x00000000a0000000, 0x0000000100000000)
  region size 1024K, 45 young (46080K), 3 survivors (3072K)
 Metaspace       used 86387K, capacity 91638K, committed 91768K, reserved 1128448K
  class space    used 11406K, capacity 13144K, committed 13184K, reserved 1048576K
}
Event: 165.539 GC heap after
{Heap after GC invocations=75 (full 0):
 garbage-first heap   total 308224K, used 177311K [0x00000000a0000000, 0x0000000100000000)
  region size 1024K, 6 young (6144K), 6 survivors (6144K)
 Metaspace       used 86387K, capacity 91638K, committed 91768K, reserved 1128448K
  class space    used 11406K, capacity 13144K, committed 13184K, reserved 1048576K
}
Event: 167.938 GC heap before
{Heap before GC invocations=76 (full 0):
 garbage-first heap   total 308224K, used 220319K [0x00000000a0000000, 0x0000000100000000)
  region size 1024K, 49 young (50176K), 6 survivors (6144K)
 Metaspace       used 86760K, capacity 92058K, committed 92408K, reserved 1128448K
  class space    used 11428K, capacity 13189K, committed 13312K, reserved 1048576K
}
Event: 167.963 GC heap after
{Heap after GC invocations=77 (full 0):
 garbage-first heap   total 308224K, used 180839K [0x00000000a0000000, 0x0000000100000000)
  region size 1024K, 4 young (4096K), 4 survivors (4096K)
 Metaspace       used 86760K, capacity 92058K, committed 92408K, reserved 1128448K
  class space    used 11428K, capacity 13189K, committed 13312K, reserved 1048576K
}
Event: 169.352 GC heap before
{Heap before GC invocations=77 (full 0):
 garbage-first heap   total 308224K, used 225895K [0x00000000a0000000, 0x0000000100000000)
  region size 1024K, 49 young (50176K), 4 survivors (4096K)
 Metaspace       used 87260K, capacity 92450K, committed 92664K, reserved 1128448K
  class space    used 11477K, capacity 13226K, committed 13312K, reserved 1048576K
}
Event: 169.362 GC heap after
{Heap after GC invocations=78 (full 0):
 garbage-first heap   total 308224K, used 183430K [0x00000000a0000000, 0x0000000100000000)
  region size 1024K, 7 young (7168K), 7 survivors (7168K)
 Metaspace       used 87260K, capacity 92450K, committed 92664K, reserved 1128448K
  class space    used 11477K, capacity 13226K, committed 13312K, reserved 1048576K
}
Event: 173.587 GC heap before
{Heap before GC invocations=79 (full 0):
 garbage-first heap   total 308224K, used 230534K [0x00000000a0000000, 0x0000000100000000)
  region size 1024K, 54 young (55296K), 7 survivors (7168K)
 Metaspace       used 91139K, capacity 96482K, committed 96760K, reserved 1132544K
  class space    used 11964K, capacity 13732K, committed 13824K, reserved 1048576K
}
Event: 173.612 GC heap after
{Heap after GC invocations=80 (full 0):
 garbage-first heap   total 308224K, used 185893K [0x00000000a0000000, 0x0000000100000000)
  region size 1024K, 6 young (6144K), 6 survivors (6144K)
 Metaspace       used 91139K, capacity 96482K, committed 96760K, reserved 1132544K
  class space    used 11964K, capacity 13732K, committed 13824K, reserved 1048576K
}
Event: 176.445 GC heap before
{Heap before GC invocations=80 (full 0):
 garbage-first heap   total 308224K, used 217637K [0x00000000a0000000, 0x0000000100000000)
  region size 1024K, 39 young (39936K), 6 survivors (6144K)
 Metaspace       used 92086K, capacity 97390K, committed 97656K, reserved 1132544K
  class space    used 12072K, capacity 13840K, committed 13952K, reserved 1048576K
}
Event: 176.455 GC heap after
{Heap after GC invocations=81 (full 0):
 garbage-first heap   total 308224K, used 189401K [0x00000000a0000000, 0x0000000100000000)
  region size 1024K, 7 young (7168K), 7 survivors (7168K)
 Metaspace       used 92086K, capacity 97390K, committed 97656K, reserved 1132544K
  class space    used 12072K, capacity 13840K, committed 13952K, reserved 1048576K
}
Event: 178.002 GC heap before
{Heap before GC invocations=82 (full 0):
 garbage-first heap   total 308224K, used 240601K [0x00000000a0000000, 0x0000000100000000)
  region size 1024K, 57 young (58368K), 7 survivors (7168K)
 Metaspace       used 92258K, capacity 97533K, committed 97656K, reserved 1132544K
  class space    used 12074K, capacity 13841K, committed 13952K, reserved 1048576K
}
Event: 178.031 GC heap after
{Heap after GC invocations=83 (full 0):
 garbage-first heap   total 308224K, used 192640K [0x00000000a0000000, 0x0000000100000000)
  region size 1024K, 7 young (7168K), 7 survivors (7168K)
 Metaspace       used 92258K, capacity 97533K, committed 97656K, reserved 1132544K
  class space    used 12074K, capacity 13841K, committed 13952K, reserved 1048576K
}
Event: 178.373 GC heap before
{Heap before GC invocations=83 (full 0):
 garbage-first heap   total 308224K, used 196736K [0x00000000a0000000, 0x0000000100000000)
  region size 1024K, 12 young (12288K), 7 survivors (7168K)
 Metaspace       used 92273K, capacity 97534K, committed 97656K, reserved 1132544K
  class space    used 12074K, capacity 13841K, committed 13952K, reserved 1048576K
}
Event: 178.625 GC heap after
{Heap after GC invocations=84 (full 0):
 garbage-first heap   total 308224K, used 193276K [0x00000000a0000000, 0x0000000100000000)
  region size 1024K, 4 young (4096K), 4 survivors (4096K)
 Metaspace       used 92273K, capacity 97534K, committed 97656K, reserved 1132544K
  class space    used 12074K, capacity 13841K, committed 13952K, reserved 1048576K
}
Event: 179.933 GC heap before
{Heap before GC invocations=85 (full 0):
 garbage-first heap   total 308224K, used 235260K [0x00000000a0000000, 0x0000000100000000)
  region size 1024K, 44 young (45056K), 4 survivors (4096K)
 Metaspace       used 92405K, capacity 97715K, committed 97912K, reserved 1132544K
  class space    used 12082K, capacity 13856K, committed 13952K, reserved 1048576K
}
Event: 179.952 GC heap after
{Heap after GC invocations=86 (full 0):
 garbage-first heap   total 475136K, used 197248K [0x00000000a0000000, 0x0000000100000000)
  region size 1024K, 4 young (4096K), 4 survivors (4096K)
 Metaspace       used 92405K, capacity 97715K, committed 97912K, reserved 1132544K
  class space    used 12082K, capacity 13856K, committed 13952K, reserved 1048576K
}
Event: 180.497 GC heap before
{Heap before GC invocations=86 (full 0):
 garbage-first heap   total 475136K, used 216704K [0x00000000a0000000, 0x0000000100000000)
  region size 1024K, 23 young (23552K), 4 survivors (4096K)
 Metaspace       used 92447K, capacity 97802K, committed 97912K, reserved 1132544K
  class space    used 12086K, capacity 13863K, committed 13952K, reserved 1048576K
}
Event: 180.511 GC heap after
{Heap after GC invocations=87 (full 0):
 garbage-first heap   total 475136K, used 198796K [0x00000000a0000000, 0x0000000100000000)
  region size 1024K, 2 young (2048K), 2 survivors (2048K)
 Metaspace       used 92447K, capacity 97802K, committed 97912K, reserved 1132544K
  class space    used 12086K, capacity 13863K, committed 13952K, reserved 1048576K
}
Event: 201.261 GC heap before
{Heap before GC invocations=87 (full 0):
 garbage-first heap   total 475136K, used 303244K [0x00000000a0000000, 0x0000000100000000)
  region size 1024K, 103 young (105472K), 2 survivors (2048K)
 Metaspace       used 92650K, capacity 97959K, committed 98168K, reserved 1134592K
  class space    used 12088K, capacity 13865K, committed 13952K, reserved 1048576K
}
Event: 201.285 GC heap after
{Heap after GC invocations=88 (full 0):
 garbage-first heap   total 475136K, used 205087K [0x00000000a0000000, 0x0000000100000000)
  region size 1024K, 9 young (9216K), 9 survivors (9216K)
 Metaspace       used 92650K, capacity 97959K, committed 98168K, reserved 1134592K
  class space    used 12088K, capacity 13865K, committed 13952K, reserved 1048576K
}

