# JRE version: OpenJDK Runtime Environment (11.0.10) (build 11.0.10+0-b96-7249189)
# Java VM: OpenJDK 64-Bit Server VM (11.0.10+0-b96-7249189, mixed mode, tiered, compressed oops, g1 gc, windows-amd64)
Heap:
 garbage-first heap   total 340992K, used 190874K [0x00000000a0000000, 0x0000000100000000)
  region size 1024K, 3 young (3072K), 3 survivors (3072K)
 Metaspace       used 86418K, capacity 92456K, committed 92672K, reserved 1128448K
  class space    used 11424K, capacity 13277K, committed 13312K, reserved 1048576K
GC Heap History (20 events):
Event: 191.407 GC heap after
{Heap after GC invocations=89 (full 0):
 garbage-first heap   total 204800K, used 160982K [0x00000000a0000000, 0x0000000100000000)
  region size 1024K, 1 young (1024K), 1 survivors (1024K)
 Metaspace       used 82217K, capacity 87924K, committed 88064K, reserved 1124352K
  class space    used 10834K, capacity 12531K, committed 12544K, reserved 1048576K
}
Event: 191.776 GC heap before
{Heap before GC invocations=90 (full 0):
 garbage-first heap   total 204800K, used 172246K [0x00000000a0000000, 0x0000000100000000)
  region size 1024K, 12 young (12288K), 1 survivors (1024K)
 Metaspace       used 83310K, capacity 88994K, committed 89088K, reserved 1126400K
  class space    used 10969K, capacity 12707K, committed 12800K, reserved 1048576K
}
Event: 191.780 GC heap after
{Heap after GC invocations=91 (full 0):
 garbage-first heap   total 204800K, used 161990K [0x00000000a0000000, 0x0000000100000000)
  region size 1024K, 2 young (2048K), 2 survivors (2048K)
 Metaspace       used 83310K, capacity 88994K, committed 89088K, reserved 1126400K
  class space    used 10969K, capacity 12707K, committed 12800K, reserved 1048576K
}
Event: 192.069 GC heap before
{Heap before GC invocations=91 (full 0):
 garbage-first heap   total 204800K, used 173254K [0x00000000a0000000, 0x0000000100000000)
  region size 1024K, 13 young (13312K), 2 survivors (2048K)
 Metaspace       used 83678K, capacity 89408K, committed 89600K, reserved 1126400K
  class space    used 11010K, capacity 12774K, committed 12800K, reserved 1048576K
}
Event: 192.076 GC heap after
{Heap after GC invocations=92 (full 0):
 garbage-first heap   total 204800K, used 164032K [0x00000000a0000000, 0x0000000100000000)
  region size 1024K, 2 young (2048K), 2 survivors (2048K)
 Metaspace       used 83678K, capacity 89408K, committed 89600K, reserved 1126400K
  class space    used 11010K, capacity 12774K, committed 12800K, reserved 1048576K
}
Event: 192.363 GC heap before
{Heap before GC invocations=92 (full 0):
 garbage-first heap   total 204800K, used 173248K [0x00000000a0000000, 0x0000000100000000)
  region size 1024K, 12 young (12288K), 2 survivors (2048K)
 Metaspace       used 83803K, capacity 89572K, committed 89600K, reserved 1126400K
  class space    used 11021K, capacity 12793K, committed 12800K, reserved 1048576K
}
Event: 192.373 GC heap after
{Heap after GC invocations=93 (full 0):
 garbage-first heap   total 204800K, used 167547K [0x00000000a0000000, 0x0000000100000000)
  region size 1024K, 2 young (2048K), 2 survivors (2048K)
 Metaspace       used 83803K, capacity 89572K, committed 89600K, reserved 1126400K
  class space    used 11021K, capacity 12793K, committed 12800K, reserved 1048576K
}
Event: 192.625 GC heap before
{Heap before GC invocations=93 (full 0):
 garbage-first heap   total 204800K, used 176763K [0x00000000a0000000, 0x0000000100000000)
  region size 1024K, 11 young (11264K), 2 survivors (2048K)
 Metaspace       used 84106K, capacity 89936K, committed 90240K, reserved 1126400K
  class space    used 11059K, capacity 12826K, committed 12928K, reserved 1048576K
}
Event: 192.634 GC heap after
{Heap after GC invocations=94 (full 0):
 garbage-first heap   total 204800K, used 169862K [0x00000000a0000000, 0x0000000100000000)
  region size 1024K, 2 young (2048K), 2 survivors (2048K)
 Metaspace       used 84106K, capacity 89936K, committed 90240K, reserved 1126400K
  class space    used 11059K, capacity 12826K, committed 12928K, reserved 1048576K
}
Event: 192.782 GC heap before
{Heap before GC invocations=95 (full 0):
 garbage-first heap   total 204800K, used 178054K [0x00000000a0000000, 0x0000000100000000)
  region size 1024K, 10 young (10240K), 2 survivors (2048K)
 Metaspace       used 84221K, capacity 90014K, committed 90240K, reserved 1126400K
  class space    used 11072K, capacity 12831K, committed 12928K, reserved 1048576K
}
Event: 192.790 GC heap after
{Heap after GC invocations=96 (full 0):
 garbage-first heap   total 204800K, used 172143K [0x00000000a0000000, 0x0000000100000000)
  region size 1024K, 2 young (2048K), 2 survivors (2048K)
 Metaspace       used 84221K, capacity 90014K, committed 90240K, reserved 1126400K
  class space    used 11072K, capacity 12831K, committed 12928K, reserved 1048576K
}
Event: 192.920 GC heap before
{Heap before GC invocations=96 (full 0):
 garbage-first heap   total 204800K, used 180335K [0x00000000a0000000, 0x0000000100000000)
  region size 1024K, 10 young (10240K), 2 survivors (2048K)
 Metaspace       used 84263K, capacity 90029K, committed 90240K, reserved 1126400K
  class space    used 11074K, capacity 12834K, committed 12928K, reserved 1048576K
}
Event: 192.931 GC heap after
{Heap after GC invocations=97 (full 0):
 garbage-first heap   total 245760K, used 175057K [0x00000000a0000000, 0x0000000100000000)
  region size 1024K, 2 young (2048K), 2 survivors (2048K)
 Metaspace       used 84263K, capacity 90029K, committed 90240K, reserved 1126400K
  class space    used 11074K, capacity 12834K, committed 12928K, reserved 1048576K
}
Event: 193.432 GC heap before
{Heap before GC invocations=97 (full 0):
 garbage-first heap   total 245760K, used 193489K [0x00000000a0000000, 0x0000000100000000)
  region size 1024K, 20 young (20480K), 2 survivors (2048K)
 Metaspace       used 84412K, capacity 90185K, committed 90240K, reserved 1126400K
  class space    used 11100K, capacity 12882K, committed 12928K, reserved 1048576K
}
Event: 193.449 GC heap after
{Heap after GC invocations=98 (full 0):
 garbage-first heap   total 245760K, used 180593K [0x00000000a0000000, 0x0000000100000000)
  region size 1024K, 3 young (3072K), 3 survivors (3072K)
 Metaspace       used 84412K, capacity 90185K, committed 90240K, reserved 1126400K
  class space    used 11100K, capacity 12882K, committed 12928K, reserved 1048576K
}
Event: 193.865 GC heap before
{Heap before GC invocations=99 (full 0):
 garbage-first heap   total 245760K, used 198001K [0x00000000a0000000, 0x0000000100000000)
  region size 1024K, 20 young (20480K), 3 survivors (3072K)
 Metaspace       used 84777K, capacity 90610K, committed 90880K, reserved 1126400K
  class space    used 11161K, capacity 12973K, committed 13056K, reserved 1048576K
}
Event: 193.892 GC heap after
{Heap after GC invocations=100 (full 0):
 garbage-first heap   total 245760K, used 185532K [0x00000000a0000000, 0x0000000100000000)
  region size 1024K, 3 young (3072K), 3 survivors (3072K)
 Metaspace       used 84777K, capacity 90610K, committed 90880K, reserved 1126400K
  class space    used 11161K, capacity 12973K, committed 13056K, reserved 1048576K
}
Event: 194.211 GC heap before
{Heap before GC invocations=100 (full 0):
 garbage-first heap   total 245760K, used 201916K [0x00000000a0000000, 0x0000000100000000)
  region size 1024K, 19 young (19456K), 3 survivors (3072K)
 Metaspace       used 85227K, capacity 91138K, committed 91392K, reserved 1128448K
  class space    used 11225K, capacity 13036K, committed 13056K, reserved 1048576K
}
Event: 194.222 GC heap after
{Heap after GC invocations=101 (full 0):
 garbage-first heap   total 245760K, used 188243K [0x00000000a0000000, 0x0000000100000000)
  region size 1024K, 3 young (3072K), 3 survivors (3072K)
 Metaspace       used 85227K, capacity 91138K, committed 91392K, reserved 1128448K
  class space    used 11225K, capacity 13036K, committed 13056K, reserved 1048576K
}
Event: 194.928 GC heap before
{Heap before GC invocations=101 (full 0):
 garbage-first heap   total 245760K, used 203603K [0x00000000a0000000, 0x0000000100000000)
  region size 1024K, 18 young (18432K), 3 survivors (3072K)
 Metaspace       used 86418K, capacity 92456K, committed 92672K, reserved 1128448K
  class space    used 11424K, capacity 13277K, committed 13312K, reserved 1048576K
}

